{
  "step": 45,
  "timestamp_iso": "2025-06-15T03:57:34.331767",
  "dataset_original_sample_info": {
    "level": "basic",
    "complexity_score": 1.61,
    "original_problem_desc_for_debug": "Design a Verilog module and a comprehensive testbench for a nand_gate_12 based on the provided reference files. The module should correctly implement the implied functionality and pass all test cases in the testbench.",
    "testbench_path": "/home/qhy/Research/LLM/GRPO-RV/dataset/B/testbenches/nand_gate_12_testbench.v",
    "task_id": "nand_gate_12"
  },
  "model_input_prompt_preview": "<|im_start|>system\nYou are a Verilog expert. Please provide your solution in the following strict format:\n\n<think>\nYour detailed analysis and thinking process here\n</think>\n\n```verilog\nYour complete Verilog module code here\n```\n\nRequirements:\n- The <think> section must contain your reasoning\n- The `...",
  "generated_result": {
    "reasoning": "<think>\n</think>\n\n</think>\n\n</think>",
    "code": "module nand_gate_12 (\n    input [11:0] a,\n    input [11:0] b,\n    output [11:0] y\n);\n    assign y = ~(a & b);\nendmodule",
    "raw_output_preview": "<think>\n</think>\n\n</think>\n\n</think>\n\n```verilog\nmodule nand_gate_12 (\n    input [11:0] a,\n    input [11:0] b,\n    output [11:0] y\n);\n    assign y = ~(a & b);\nendmodule\n```...",
    "generation_time_seconds": 7.1862499713897705
  },
  "simulation_details": {
    "compilation_success": false,
    "simulation_run_success": false,
    "parsing_success": false,
    "passed_tests": 0,
    "failed_tests": 0,
    "total_tests_in_output": 0,
    "all_tests_passed_by_tb": false,
    "error_message": "Icarus Verilog compilation failed. Exit: 2. Stderr: /home/qhy/Research/LLM/GRPO-RV/dataset/B/testbenches/nand_gate_12_testbench.v:12: error: Unknown module type: nand_gate\n2 error(s) during elaboration.\n*** These modules were missing:\n        nand_gate referenced 1 times.\n***\n",
    "raw_stdout": "IVERILOG COMPILE STDOUT:\n\n",
    "raw_stderr": "IVERILOG COMPILE STDERR:\n/home/qhy/Research/LLM/GRPO-RV/dataset/B/testbenches/nand_gate_12_testbench.v:12: error: Unknown module type: nand_gate\n2 error(s) during elaboration.\n*** These modules were missing:\n        nand_gate referenced 1 times.\n***\n\n",
    "quality_metrics": {
      "complexity": 1.0,
      "readability": 0.3,
      "efficiency": 1.0,
      "structure": 0.7333333333333334
    }
  }
}