{
  "step": 10,
  "timestamp_iso": "2025-06-12T18:19:01.128877",
  "dataset_original_sample_info": {
    "level": "advanced",
    "complexity_score": 6.4,
    "original_problem_desc_for_debug": "Design a Verilog module and a comprehensive testbench for a full_adder_2 based on the provided reference files. The module should correctly implement the implied functionality and pass all test cases in the testbench.",
    "testbench_path": "/home/qhy/Research/LLM/GRPO-RV/dataset/E/testbenches/full_adder_2_testbench.v",
    "task_id": "full_adder_2"
  },
  "model_input_prompt_preview": "<|im_start|>system\nYou are a Verilog expert. Please provide your solution in the following strict format:\n\n<think>\nYour detailed analysis and thinking process here\n</think>\n\n```verilog\nYour complete Verilog module code here\n```\n\nRequirements:\n- The <think> section must contain your reasoning\n- The `...",
  "generated_result": {
    "reasoning": "PARSING_FAILED_REASONING",
    "code": "module full_adder_2(\n    input [15:0] A,\n    input [15:0] B,\n    output [16:0] S\n);\n    assign S = A + B;\nendmodule",
    "raw_output_preview": "<think>\n</think>\n\n```verilog\nmodule full_adder_2(\n    input [15:0] A,\n    input [15:0] B,\n    output [16:0] S\n);\n    assign S = A + B;\nendmodule\n```...",
    "generation_time_seconds": 3.734747886657715
  },
  "simulation_details": {
    "compilation_success": false,
    "simulation_run_success": false,
    "parsing_success": false,
    "passed_tests": 0,
    "failed_tests": 0,
    "total_tests_in_output": 0,
    "all_tests_passed_by_tb": false,
    "error_message": "Icarus Verilog compilation failed. Exit: 2. Stderr: /home/qhy/Research/LLM/GRPO-RV/dataset/E/testbenches/full_adder_2_testbench.v:9: error: Unknown module type: wallace_8\n2 error(s) during elaboration.\n*** These modules were missing:\n        wallace_8 referenced 1 times.\n***\n",
    "raw_stdout": "IVERILOG COMPILE STDOUT:\n\n",
    "raw_stderr": "IVERILOG COMPILE STDERR:\n/home/qhy/Research/LLM/GRPO-RV/dataset/E/testbenches/full_adder_2_testbench.v:9: error: Unknown module type: wallace_8\n2 error(s) during elaboration.\n*** These modules were missing:\n        wallace_8 referenced 1 times.\n***\n\n",
    "quality_metrics": {
      "complexity": 1.0,
      "readability": 0.3,
      "efficiency": 1.0,
      "structure": 0.7333333333333334
    }
  }
}