{
  "step": 45,
  "timestamp_iso": "2025-06-12T20:49:57.510934",
  "dataset_original_sample_info": {
    "level": "basic",
    "complexity_score": 1.61,
    "original_problem_desc_for_debug": "Design a Verilog module and a comprehensive testbench for a nand_gate_12 based on the provided reference files. The module should correctly implement the implied functionality and pass all test cases in the testbench.",
    "testbench_path": "/home/qhy/Research/LLM/GRPO-RV/dataset/B/testbenches/nand_gate_12_testbench.v",
    "task_id": "nand_gate_12"
  },
  "model_input_prompt_preview": "<|im_start|>system\nYou are a Verilog expert. Please provide your solution in the following strict format:\n\n<think>\nYour detailed analysis and thinking process here\n</think>\n\n```verilog\nYour complete Verilog module code here\n```\n\nRequirements:\n- The <think> section must contain your reasoning\n- The `...",
  "generated_result": {
    "reasoning": "PARSING_FAILED_REASONING",
    "code": "PARSING_FAILED_CODE",
    "raw_output_preview": "<think>\n</think>\n\n</think>\n\n</think>\n\n</think>\n\n</think>\n\n</think>\n\n</think>\n\n...",
    "generation_time_seconds": 1.0960133075714111
  },
  "simulation_details": {
    "compilation_success": false,
    "simulation_run_success": false,
    "parsing_success": false,
    "passed_tests": 0,
    "failed_tests": 0,
    "total_tests_in_output": 0,
    "all_tests_passed_by_tb": false,
    "error_message": "Icarus Verilog compilation failed. Exit: 2. Stderr: /tmp/tmpx3qh8sf5/design_under_test.v:1: syntax error\nI give up.\n",
    "raw_stdout": "IVERILOG COMPILE STDOUT:\n\n",
    "raw_stderr": "IVERILOG COMPILE STDERR:\n/tmp/tmpx3qh8sf5/design_under_test.v:1: syntax error\nI give up.\n\n",
    "quality_metrics": {
      "complexity": 1.0,
      "readability": 0.3,
      "efficiency": 0.0,
      "structure": 0.4
    }
  }
}