{
  "step": 15,
  "timestamp_iso": "2025-06-12T18:33:30.839218",
  "dataset_original_sample_info": {
    "level": "basic",
    "complexity_score": 1.61,
    "original_problem_desc_for_debug": "Design a Verilog module and a comprehensive testbench for a mod_74x04_3 based on the provided reference files. The module should correctly implement the implied functionality and pass all test cases in the testbench.",
    "testbench_path": "/home/qhy/Research/LLM/GRPO-RV/dataset/B/testbenches/MOD_74x04_3_testbench.v",
    "task_id": "mod_74x04_3"
  },
  "model_input_prompt_preview": "<|im_start|>system\nYou are a Verilog expert. Please provide your solution in the following strict format:\n\n<think>\nYour detailed analysis and thinking process here\n</think>\n\n```verilog\nYour complete Verilog module code here\n```\n\nRequirements:\n- The <think> section must contain your reasoning\n- The `...",
  "generated_result": {
    "reasoning": "PARSING_FAILED_REASONING",
    "code": "module MOD_74x04_3(\n    input wire [2:0] A,\n    output reg [2:0] Y\n);\n\nalways @(*) begin\n    case(A)\n        3'b000: Y = 3'b000;\n        3'b001: Y = 3'b001;\n        3'b010: Y = 3'b010;\n        3'b011: Y = 3'b011;\n        3'b100: Y = 3'b100;\n        3'b101: Y = 3'b101;\n        3'b110: Y = 3'b110;\n        default: Y = 3'b111;\n    endcase\nend\n\nendmodule",
    "raw_output_preview": "<think>\n</think>\n\n```verilog\nmodule MOD_74x04_3(\n    input wire [2:0] A,\n    output reg [2:0] Y\n);\n\nalways @(*) begin\n    case(A)\n        3'b000: Y = 3'b000;\n        3'b001: Y = 3'b001;\n        3'b010: Y = 3'b010;\n        3'b011: Y = 3'b011;\n        3'b100: Y = 3'b100;\n        3'b101: Y = 3'b101;\n  ...",
    "generation_time_seconds": 12.173986434936523
  },
  "simulation_details": {
    "compilation_success": false,
    "simulation_run_success": false,
    "parsing_success": false,
    "passed_tests": 0,
    "failed_tests": 0,
    "total_tests_in_output": 0,
    "all_tests_passed_by_tb": false,
    "error_message": "Icarus Verilog compilation failed. Exit: 2. Stderr: /home/qhy/Research/LLM/GRPO-RV/dataset/B/testbenches/MOD_74x04_3_testbench.v:18: error: Unknown module type: MOD_74x04_3_SPLIT\n2 error(s) during elaboration.\n*** These modules were missing:\n        MOD_74x04_3_SPLIT referenced 1 times.\n***\n",
    "raw_stdout": "IVERILOG COMPILE STDOUT:\n\n",
    "raw_stderr": "IVERILOG COMPILE STDERR:\n/home/qhy/Research/LLM/GRPO-RV/dataset/B/testbenches/MOD_74x04_3_testbench.v:18: error: Unknown module type: MOD_74x04_3_SPLIT\n2 error(s) during elaboration.\n*** These modules were missing:\n        MOD_74x04_3_SPLIT referenced 1 times.\n***\n\n",
    "quality_metrics": {
      "complexity": 0.7,
      "readability": 0.3,
      "efficiency": 0.7,
      "structure": 1.0
    }
  }
}